Arguments: 
  C:\Program Files\nodejs\node.exe C:\Program Files\nodejs\node_modules\yarn\bin\yarn.js create .

PATH: 
  C:\Program Files\WindowsApps\Microsoft.PowerShell_7.2.5.0_x64__8wekyb3d8bbwe;C:\Program Files\Microsoft\jdk-11.0.12.7-hotspot\bin;C:\Program Files\Common Files\Oracle\Java\javapath;C:\Program Files (x86)\Common Files\Oracle\Java\javapath;C:\Windows\system32;C:\Windows;C:\Windows\System32\Wbem;C:\Windows\System32\WindowsPowerShell\v1.0\;C:\Windows\System32\OpenSSH\;C:\Program Files (x86)\NVIDIA Corporation\PhysX\Common;C:\Program Files\NVIDIA Corporation\NVIDIA NvDLISR;C:\Program Files\Git\cmd;C:\Program Files (x86)\Windows Kits\10\Windows Performance Toolkit\;C:\ProgramData\chocolatey\bin;C:\Program Files\AdoptOpenJDK\jdk8u192-b12\bin;C:\Program Files\Java\jdk1.8.0_211\bin;C:\Android\android-sdk\tools\bin;C:\Android\android-sdk\platform-tools;C:\WINDOWS\system32;C:\WINDOWS;C:\WINDOWS\System32\Wbem;C:\WINDOWS\System32\WindowsPowerShell\v1.0\;C:\WINDOWS\System32\OpenSSH\;C:\Program Files\Go\bin;C:\Users\9fang\AppData\Roaming\nvm;C:\Program Files\nodejs;C:\Program Files\dotnet\;C:\Program Files\Docker\Docker\resources\bin;C:\ProgramData\DockerDesktop\version-bin;C:\Users\9fang\.cargo\bin;C:\Program Files\MySQL\MySQL Shell 8.0\bin\;C:\Users\9fang\AppData\Local\Programs\Python\Python39\Scripts\;C:\Users\9fang\AppData\Local\Programs\Python\Python39\;C:\Users\9fang\AppData\Local\Microsoft\WindowsApps;C:\Users\9fang\AppData\Local\Programs\Microsoft VS Code\bin;C:\Program Files\PostgreSQL\13\bin;C:\Users\9fang\AppData\Local\Android\Sdk\tools\bin;C:\Users\9fang\AppData\Local\Android\Sdk\platform-tools;C:\apache-cassandra-4.0.0-bin\apache-cassandra-4.0.0\bin;C:\Program Files\IBM\Cloud\bin;C:\Program Files\CMake\bin;C:\Users\9fang\AppData\Local\Programs\Python\Python39;C:\Users\9fang\Documents\lib\ngork.exe;C:\emacs\bin;C:\Users\9fang\AppData\Roaming\.emacs.d\doom-emacs\bin;C:\Users\9fang\AppData\Roaming\.emacs.d\bin;C:\Program Files\MongoDB\Server\5.0\bin;C:\Program Files\JetBrains\IntelliJ IDEA Community Edition 2021.2.3\bin;C:\Users\9fang\AppData\Local\bin\NASM;C:\Program Files (x86)\Emacs\i686\bin;C:\Users\9fang\go\bin;C:\Users\9fang\AppData\Roaming\npm;C:\Program Files\Multipass\bin;C:\Users\9fang\Documents\external\flutter\bin;C:\Users\9fang\.rustup\toolchains\stable-x86_64-pc-windows-msvc\bin;C:\external binary\nginx-1.20.2;C:\Users\9fang\Documents\external\ffmpeg-2022-05-29-git-a7e0997324-full_build\bin;C:\MinGW\bin;C:\Users\9fang\.dotnet\tools;C:\Users\9fang\Documents\coding\chromium\depot_tools;C:\Users\9fang\Documents\coding\cpp\SFML\external\bin

Yarn version: 
  1.22.18

Node version: 
  16.13.1

Platform: 
  win32 x64

Trace: 
  Error: Name should not start with ".", got "."
      at parsePackageName (C:\Users\9fang\AppData\Roaming\nvm\v16.13.1\node_modules\yarn\lib\cli.js:83664:11)
      at coerceCreatePackageName (C:\Users\9fang\AppData\Roaming\nvm\v16.13.1\node_modules\yarn\lib\cli.js:83681:20)
      at Object.<anonymous> (C:\Users\9fang\AppData\Roaming\nvm\v16.13.1\node_modules\yarn\lib\cli.js:83587:33)
      at Generator.next (<anonymous>)
      at step (C:\Users\9fang\AppData\Roaming\nvm\v16.13.1\node_modules\yarn\lib\cli.js:310:30)
      at C:\Users\9fang\AppData\Roaming\nvm\v16.13.1\node_modules\yarn\lib\cli.js:328:14
      at new Promise (<anonymous>)
      at new F (C:\Users\9fang\AppData\Roaming\nvm\v16.13.1\node_modules\yarn\lib\cli.js:5301:28)
      at Object.<anonymous> (C:\Users\9fang\AppData\Roaming\nvm\v16.13.1\node_modules\yarn\lib\cli.js:307:12)
      at Object.run (C:\Users\9fang\AppData\Roaming\nvm\v16.13.1\node_modules\yarn\lib\cli.js:83606:17)

npm manifest: 
  {
    "name": "rufio",
    "version": "1.0.0",
    "description": "",
    "main": "index.js",
    "scripts": {
      "boot-web-dev" : "cd website/view && yarn dev",
      "boot-dash-dev" : "cd website/dashboard && yarn dev",
      "boot-api-dev" : "cd api && yarn dev",
      "boot-bot-dev" : "cd discord-bot && yarn dev"
    },
    "repository": {
      "type": "git",
      "url": "git+https://github.com/TyFangXV/rufio.git"
    },
    "keywords": [],
    "author": "",
    "license": "ISC",
    "bugs": {
      "url": "https://github.com/TyFangXV/rufio/issues"
    },
    "homepage": "https://github.com/TyFangXV/rufio#readme"
  }

yarn manifest: 
  No manifest

Lockfile: 
  # THIS IS AN AUTOGENERATED FILE. DO NOT EDIT THIS FILE DIRECTLY.
  # yarn lockfile v1
